<?xml version="1.0" encoding="UTF-8"?>
<!-- Generated by org.testng.reporters.JUnitReportReporter -->
<testsuite skipped="0" hostname="DESKTOP-LK7NIRS" name="com.qa.restassured.RestAssuredAPI" tests="1" failures="0" timestamp="27 Mar 2020 14:49:23 GMT" time="4.950" errors="0">
  <testcase name="testing" time="4.950" classname="com.qa.restassured.RestAssuredAPI"/>
</testsuite> <!-- com.qa.restassured.RestAssuredAPI -->
