<?xml version="1.0" encoding="UTF-8"?>
<!-- Generated by org.testng.reporters.JUnitReportReporter -->
<testsuite skipped="0" hostname="DESKTOP-LK7NIRS" name="com.qa.restassured.RestAssuredPOSTcall_PUTcall_DELETEcall" tests="1" failures="0" timestamp="27 Mar 2020 15:01:20 GMT" time="5.868" errors="0">
  <testcase name="test" time="5.868" classname="com.qa.restassured.RestAssuredPOSTcall_PUTcall_DELETEcall"/>
</testsuite> <!-- com.qa.restassured.RestAssuredPOSTcall_PUTcall_DELETEcall -->
